f:\github\repos\litecppdb\litecppdb\litecppdb\x64\debug\litecppdb.pch
f:\github\repos\litecppdb\litecppdb\litecppdb\x64\debug\vc141.pdb
f:\github\repos\litecppdb\litecppdb\litecppdb\x64\debug\vc141.idb
f:\github\repos\litecppdb\litecppdb\litecppdb\x64\debug\stdafx.obj
f:\github\repos\litecppdb\litecppdb\litecppdb\x64\debug\querystartswith.obj
f:\github\repos\litecppdb\litecppdb\litecppdb\x64\debug\queryvisitor.obj
f:\github\repos\litecppdb\litecppdb\litecppdb\x64\debug\querywhere.obj
f:\github\repos\litecppdb\litecppdb\litecppdb\x64\debug\reflection.obj
f:\github\repos\litecppdb\litecppdb\litecppdb\x64\debug\reflection.expression.obj
f:\github\repos\litecppdb\litecppdb\litecppdb\x64\debug\shrinkengine.obj
f:\github\repos\litecppdb\litecppdb\litecppdb\x64\debug\storageunithelper.obj
f:\github\repos\litecppdb\litecppdb\litecppdb\x64\debug\streamdiskservice.obj
f:\github\repos\litecppdb\litecppdb\litecppdb\x64\debug\streamextensions.obj
f:\github\repos\litecppdb\litecppdb\litecppdb\x64\debug\stringextensions.obj
f:\github\repos\litecppdb\litecppdb\litecppdb\x64\debug\stringscanner.obj
f:\github\repos\litecppdb\litecppdb\litecppdb\x64\debug\transactionengine.obj
f:\github\repos\litecppdb\litecppdb\litecppdb\x64\debug\transactionservice.obj
f:\github\repos\litecppdb\litecppdb\litecppdb\x64\debug\typeextensions.obj
f:\github\repos\litecppdb\litecppdb\litecppdb\x64\debug\update.obj
f:\github\repos\litecppdb\litecppdb\litecppdb\x64\debug\updateengine.obj
f:\github\repos\litecppdb\litecppdb\litecppdb\x64\debug\upgrade.obj
f:\github\repos\litecppdb\litecppdb\litecppdb\x64\debug\upsert.obj
f:\github\repos\litecppdb\litecppdb\litecppdb\x64\debug\upsertengine.obj
f:\github\repos\litecppdb\litecppdb\litecppdb\x64\debug\userversionengine.obj
f:\github\repos\litecppdb\litecppdb\litecppdb\x64\debug\lockstate.obj
f:\github\repos\litecppdb\litecppdb\litecppdb\x64\debug\logger.obj
f:\github\repos\litecppdb\litecppdb\litecppdb\x64\debug\membermapper.obj
f:\github\repos\litecppdb\litecppdb\litecppdb\x64\debug\mimetypeconverter.obj
f:\github\repos\litecppdb\litecppdb\litecppdb\x64\debug\objectid.obj
f:\github\repos\litecppdb\litecppdb\litecppdb\x64\debug\pageaddress.obj
f:\github\repos\litecppdb\litecppdb\litecppdb\x64\debug\pageservice.obj
f:\github\repos\litecppdb\litecppdb\litecppdb\x64\debug\query.obj
f:\github\repos\litecppdb\litecppdb\litecppdb\x64\debug\queryall.obj
f:\github\repos\litecppdb\litecppdb\litecppdb\x64\debug\queryand.obj
f:\github\repos\litecppdb\litecppdb\litecppdb\x64\debug\querybetween.obj
f:\github\repos\litecppdb\litecppdb\litecppdb\x64\debug\querycontains.obj
f:\github\repos\litecppdb\litecppdb\litecppdb\x64\debug\queryempty.obj
f:\github\repos\litecppdb\litecppdb\litecppdb\x64\debug\queryequals.obj
f:\github\repos\litecppdb\litecppdb\litecppdb\x64\debug\querygreater.obj
f:\github\repos\litecppdb\litecppdb\litecppdb\x64\debug\queryin.obj
f:\github\repos\litecppdb\litecppdb\litecppdb\x64\debug\queryless.obj
f:\github\repos\litecppdb\litecppdb\litecppdb\x64\debug\querynot.obj
f:\github\repos\litecppdb\litecppdb\litecppdb\x64\debug\querynotequals.obj
f:\github\repos\litecppdb\litecppdb\litecppdb\x64\debug\queryor.obj
f:\github\repos\litecppdb\litecppdb\litecppdb\x64\debug\jsonserializer.obj
f:\github\repos\litecppdb\litecppdb\litecppdb\x64\debug\jsontokenizer.obj
f:\github\repos\litecppdb\litecppdb\litecppdb\x64\debug\jsonwriter.obj
f:\github\repos\litecppdb\litecppdb\litecppdb\x64\debug\lazyload.obj
f:\github\repos\litecppdb\litecppdb\litecppdb\x64\debug\linqextensions.obj
f:\github\repos\litecppdb\litecppdb\litecppdb\x64\debug\litecollection.obj
f:\github\repos\litecppdb\litecppdb\litecppdb\x64\debug\litecppdb.obj
f:\github\repos\litecppdb\litecppdb\litecppdb\x64\debug\litedatabase.obj
f:\github\repos\litecppdb\litecppdb\litecppdb\x64\debug\liteengine.obj
f:\github\repos\litecppdb\litecppdb\litecppdb\x64\debug\liteexception.obj
f:\github\repos\litecppdb\litecppdb\litecppdb\x64\debug\litefileinfo.obj
f:\github\repos\litecppdb\litecppdb\litecppdb\x64\debug\litefilestream.obj
f:\github\repos\litecppdb\litecppdb\litecppdb\x64\debug\litefilestream.read.obj
f:\github\repos\litecppdb\litecppdb\litecppdb\x64\debug\litefilestream.write.obj
f:\github\repos\litecppdb\litecppdb\litecppdb\x64\debug\litequeryable.obj
f:\github\repos\litecppdb\litecppdb\litecppdb\x64\debug\literepository.obj
f:\github\repos\litecppdb\litecppdb\litecppdb\x64\debug\litestorage.obj
f:\github\repos\litecppdb\litecppdb\litecppdb\x64\debug\litetransaction.obj
f:\github\repos\litecppdb\litecppdb\litecppdb\x64\debug\lockcontrol.obj
f:\github\repos\litecppdb\litecppdb\litecppdb\x64\debug\lockservice.obj
f:\github\repos\litecppdb\litecppdb\litecppdb\x64\debug\extendpage.obj
f:\github\repos\litecppdb\litecppdb\litecppdb\x64\debug\filediskservice.obj
f:\github\repos\litecppdb\litecppdb\litecppdb\x64\debug\filehelper.obj
f:\github\repos\litecppdb\litecppdb\litecppdb\x64\debug\fileoptions.obj
f:\github\repos\litecppdb\litecppdb\litecppdb\x64\debug\find.obj
f:\github\repos\litecppdb\litecppdb\litecppdb\x64\debug\findengine.obj
f:\github\repos\litecppdb\litecppdb\litecppdb\x64\debug\headerpage.obj
f:\github\repos\litecppdb\litecppdb\litecppdb\x64\debug\idbreader.obj
f:\github\repos\litecppdb\litecppdb\litecppdb\x64\debug\idiskservice.obj
f:\github\repos\litecppdb\litecppdb\litecppdb\x64\debug\include.obj
f:\github\repos\litecppdb\litecppdb\litecppdb\x64\debug\index.obj
f:\github\repos\litecppdb\litecppdb\litecppdb\x64\debug\indexengine.obj
f:\github\repos\litecppdb\litecppdb\litecppdb\x64\debug\indexinfo.obj
f:\github\repos\litecppdb\litecppdb\litecppdb\x64\debug\indexnode.obj
f:\github\repos\litecppdb\litecppdb\litecppdb\x64\debug\indexpage.obj
f:\github\repos\litecppdb\litecppdb\litecppdb\x64\debug\indexservice.obj
f:\github\repos\litecppdb\litecppdb\litecppdb\x64\debug\insert.obj
f:\github\repos\litecppdb\litecppdb\litecppdb\x64\debug\insertengine.obj
f:\github\repos\litecppdb\litecppdb\litecppdb\x64\debug\ioexceptionextensions.obj
f:\github\repos\litecppdb\litecppdb\litecppdb\x64\debug\jsonreader.obj
f:\github\repos\litecppdb\litecppdb\litecppdb\x64\debug\bytearrayextensions.obj
f:\github\repos\litecppdb\litecppdb\litecppdb\x64\debug\bytereader.obj
f:\github\repos\litecppdb\litecppdb\litecppdb\x64\debug\bytewriter.obj
f:\github\repos\litecppdb\litecppdb\litecppdb\x64\debug\cacheservice.obj
f:\github\repos\litecppdb\litecppdb\litecppdb\x64\debug\collectionengine.obj
f:\github\repos\litecppdb\litecppdb\litecppdb\x64\debug\collectionindex.obj
f:\github\repos\litecppdb\litecppdb\litecppdb\x64\debug\collectionpage.obj
f:\github\repos\litecppdb\litecppdb\litecppdb\x64\debug\collectionservice.obj
f:\github\repos\litecppdb\litecppdb\litecppdb\x64\debug\connectionstring.obj
f:\github\repos\litecppdb\litecppdb\litecppdb\x64\debug\datablock.obj
f:\github\repos\litecppdb\litecppdb\litecppdb\x64\debug\datapage.obj
f:\github\repos\litecppdb\litecppdb\litecppdb\x64\debug\dataservice.obj
f:\github\repos\litecppdb\litecppdb\litecppdb\x64\debug\delete.obj
f:\github\repos\litecppdb\litecppdb\litecppdb\x64\debug\dictionaryextensions.obj
f:\github\repos\litecppdb\litecppdb\litecppdb\x64\debug\dllmain.obj
f:\github\repos\litecppdb\litecppdb\litecppdb\x64\debug\emptypage.obj
f:\github\repos\litecppdb\litecppdb\litecppdb\x64\debug\aggregateengine.obj
f:\github\repos\litecppdb\litecppdb\litecppdb\x64\debug\entitybuilder.obj
f:\github\repos\litecppdb\litecppdb\litecppdb\x64\debug\entitymapper.obj
f:\github\repos\litecppdb\litecppdb\litecppdb\x64\debug\expressionextensions.obj
f:\github\repos\litecppdb\litecppdb\litecppdb\x64\debug\aesencryption.obj
f:\github\repos\litecppdb\litecppdb\litecppdb\x64\debug\aggregate.obj
f:\github\repos\litecppdb\litecppdb\litecppdb\x64\debug\autoid.obj
f:\github\repos\litecppdb\litecppdb\litecppdb\x64\debug\basepage.obj
f:\github\repos\litecppdb\litecppdb\litecppdb\x64\debug\binaryextensions.obj
f:\github\repos\litecppdb\litecppdb\litecppdb\x64\debug\bsonarray.obj
f:\github\repos\litecppdb\litecppdb\litecppdb\x64\debug\bsondocument.obj
f:\github\repos\litecppdb\litecppdb\litecppdb\x64\debug\bsonfieldattribute.obj
f:\github\repos\litecppdb\litecppdb\litecppdb\x64\debug\bsonidattribute.obj
f:\github\repos\litecppdb\litecppdb\litecppdb\x64\debug\bsonignoreattribute.obj
f:\github\repos\litecppdb\litecppdb\litecppdb\x64\debug\bsonindexattribute.obj
f:\github\repos\litecppdb\litecppdb\litecppdb\x64\debug\bsonmapper.obj
f:\github\repos\litecppdb\litecppdb\litecppdb\x64\debug\bsonmapper.deserialize.obj
f:\github\repos\litecppdb\litecppdb\litecppdb\x64\debug\bsonmapper.serialize.obj
f:\github\repos\litecppdb\litecppdb\litecppdb\x64\debug\bsonreader.obj
f:\github\repos\litecppdb\litecppdb\litecppdb\x64\debug\bsonrefattribute.obj
f:\github\repos\litecppdb\litecppdb\litecppdb\x64\debug\bsonserializer.obj
f:\github\repos\litecppdb\litecppdb\litecppdb\x64\debug\bsontype.obj
f:\github\repos\litecppdb\litecppdb\litecppdb\x64\debug\bsonvalue.obj
f:\github\repos\litecppdb\litecppdb\litecppdb\x64\debug\bsonwriter.obj
f:\github\repos\litecppdb\litecppdb\x64\debug\litecppdb.ilk
f:\github\repos\litecppdb\litecppdb\x64\debug\litecppdb.dll
f:\github\repos\litecppdb\litecppdb\x64\debug\litecppdb.pdb
f:\github\repos\litecppdb\litecppdb\x64\debug\litecppdb.lib
f:\github\repos\litecppdb\litecppdb\x64\debug\litecppdb.exp
f:\github\repos\litecppdb\litecppdb\litecppdb\x64\debug\vcpkg.applocal.log
f:\github\repos\litecppdb\litecppdb\litecppdb\x64\debug\litecppdb.tlog\cl.command.1.tlog
f:\github\repos\litecppdb\litecppdb\litecppdb\x64\debug\litecppdb.tlog\cl.read.1.tlog
f:\github\repos\litecppdb\litecppdb\litecppdb\x64\debug\litecppdb.tlog\cl.write.1.tlog
f:\github\repos\litecppdb\litecppdb\litecppdb\x64\debug\litecppdb.tlog\link.command.1.tlog
f:\github\repos\litecppdb\litecppdb\litecppdb\x64\debug\litecppdb.tlog\link.read.1.tlog
f:\github\repos\litecppdb\litecppdb\litecppdb\x64\debug\litecppdb.tlog\link.write.1.tlog
f:\github\repos\litecppdb\litecppdb\litecppdb\x64\debug\litecppdb.tlog\litecppdb.write.1u.tlog
